android/app/manifest-merger-release-report.txt
-- Merging decision tree log ---
manifest
ADDED from AndroidManifest.xml:2:1
	package
		ADDED from AndroidManifest.xml:3:5
		INJECTED from AndroidManifest.xml:0:0
		INJECTED from AndroidManifest.xml:0:0
	android:versionName
		INJECTED from AndroidManifest.xml:0:0
		INJECTED from AndroidManifest.xml:0:0
	xmlns:android
		ADDED from AndroidManifest.xml:2:11
	android:versionCode
		INJECTED from AndroidManifest.xml:0:0
		INJECTED from AndroidManifest.xml:0:0
uses-permission#android.permission.INTERNET
ADDED from AndroidManifest.xml:4:5
	android:name
		ADDED from AndroidManifest.xml:4:22
uses-permission#android.permission.ACCESS_NETWORK_STATE
ADDED from AndroidManifest.xml:5:5
	android:name
		ADDED from AndroidManifest.xml:5:22
uses-permission#android.permission.WRITE_EXTERNAL_STORAGE
ADDED from AndroidManifest.xml:6:5
	android:name
		ADDED from AndroidManifest.xml:6:22
uses-permission#android.permission.DOWNLOAD_WITHOUT_NOTIFICATION
ADDED from AndroidManifest.xml:7:5
	android:name
		ADDED from AndroidManifest.xml:7:23
application
ADDED from AndroidManifest.xml:8:5
MERGED from com.facebook.android:facebook:3.21.1:24:5
MERGED from com.android.support:support-v4:21.0.0:16:5
MERGED from Consumer Break:imageResizer:unspecified:11:5
MERGED from com.android.support:support-v4:21.0.0:16:5
MERGED from com.android.support:appcompat-v7:21.0.0:16:5
MERGED from com.android.support:support-v4:21.0.0:16:5
MERGED from de.hdodenhof:circleimageview:1.2.1:9:5
	android:label
		ADDED from AndroidManifest.xml:11:9
	android:hardwareAccelerated
		ADDED from AndroidManifest.xml:12:9
	android:allowBackup
		ADDED from AndroidManifest.xml:9:9
	android:icon
		ADDED from AndroidManifest.xml:10:9
	android:largeHeap
		ADDED from AndroidManifest.xml:14:9
	android:theme
		ADDED from AndroidManifest.xml:15:9
	android:isGame
		ADDED from AndroidManifest.xml:13:9
activity#com.cig.consumerbreak.Splash
ADDED from AndroidManifest.xml:16:9
	android:label
		ADDED from AndroidManifest.xml:18:13
	android:name
		ADDED from AndroidManifest.xml:17:13
intent-filter#android.intent.action.MAIN+android.intent.category.LAUNCHER
ADDED from AndroidManifest.xml:19:13
action#android.intent.action.MAIN
ADDED from AndroidManifest.xml:20:17
	android:name
		ADDED from AndroidManifest.xml:20:25
category#android.intent.category.LAUNCHER
ADDED from AndroidManifest.xml:22:17
	android:name
		ADDED from AndroidManifest.xml:22:27
activity#com.cig.consumerbreak.LoginActivity
ADDED from AndroidManifest.xml:25:9
	android:name
		ADDED from AndroidManifest.xml:25:19
activity#com.cig.consumerbreak.RegisterActivity
ADDED from AndroidManifest.xml:26:9
	android:name
		ADDED from AndroidManifest.xml:26:19
activity#com.cig.consumerbreak.RegistrationComplete
ADDED from AndroidManifest.xml:27:9
	android:name
		ADDED from AndroidManifest.xml:27:19
activity#com.cig.consumerbreak.MainActivity
ADDED from AndroidManifest.xml:28:9
	android:configChanges
		ADDED from AndroidManifest.xml:28:48
	android:name
		ADDED from AndroidManifest.xml:28:19
meta-data#com.facebook.sdk.ApplicationId
ADDED from AndroidManifest.xml:29:9
	android:value
		ADDED from AndroidManifest.xml:29:66
	android:name
		ADDED from AndroidManifest.xml:29:20
uses-sdk
INJECTED from AndroidManifest.xml:0:0 reason: use-sdk injection requested
MERGED from com.facebook.android:facebook:3.21.1:20:5
MERGED from com.android.support:support-v4:21.0.0:15:5
MERGED from Consumer Break:imageResizer:unspecified:7:5
MERGED from com.android.support:support-v4:21.0.0:15:5
MERGED from com.android.support:appcompat-v7:21.0.0:15:5
MERGED from com.android.support:support-v4:21.0.0:15:5
MERGED from de.hdodenhof:circleimageview:1.2.1:5:5
	android:targetSdkVersion
		INJECTED from AndroidManifest.xml:0:0
		INJECTED from AndroidManifest.xml:0:0
	android:minSdkVersion
		INJECTED from AndroidManifest.xml:0:0
		INJECTED from AndroidManifest.xml:0:0
activity#com.svenkapudija.imageresizer.demo.MainActivity
ADDED from Consumer Break:imageResizer:unspecified:15:9
	android:label
		ADDED from Consumer Break:imageResizer:unspecified:17:13
	android:name
		ADDED from Consumer Break:imageResizer:unspecified:16:13